<?xml version="1.0" encoding="UTF-8"?>
<!-- Generated by org.testng.reporters.JUnitReportReporter -->
<testsuite hostname="Divya" failures="0" tests="2" name="com.facebook.Program2Test" time="8.870" errors="0" timestamp="2025-05-31T11:30:14 IST" skipped="0">
  <testcase classname="com.facebook.Program2Test" name="TestCase2" time="2.759"/>
  <system-out>
    <![CDATA[TestCase2testCase excevution starts
TestCase2testCase excevution Suceeded]]>
  </system-out>
  <testcase classname="com.facebook.Program2Test" name="TestCase" time="6.111"/>
  <system-out>
    <![CDATA[TestCasetestCase excevution starts
TestCasetestCase excevution Suceeded]]>
  </system-out>
</testsuite> <!-- com.facebook.Program2Test -->
