<?xml version="1.0" encoding="UTF-8"?>
<!-- Generated by org.testng.reporters.JUnitReportReporter -->
<testsuite hostname="Divya" failures="0" tests="1" name="com.facebook.Pro3Test" time="4.286" errors="0" timestamp="2025-05-24T10:46:39 IST" skipped="0">
  <testcase classname="com.facebook.Pro3Test" name="TestCase" time="4.286"/>
  <system-out/>
</testsuite> <!-- com.facebook.Pro3Test -->
